2023-11-05 20:32:41,315 [INFO] Activator:176 - 


2023-11-05 20:32:41,321 [INFO] Activator:177 - !SESSION log4j initialized
2023-11-05 20:32:45,959 [INFO] LogOutputStream:77 - [STDOUT_REDIRECT] 
2023-11-05 20:32:55,621 [INFO] ApplicationProperties:184 - Using Application install path: C:\ST\STM32CubeIDE_1.13.2\STM32CubeIDE\plugins\com.st.stm32cube.common.mx_6.9.2.202309101412
2023-11-05 20:32:55,675 [INFO] DbMcusXml:78 - Set database path to: C:\ST\STM32CubeIDE_1.13.2\STM32CubeIDE\plugins\com.st.stm32cube.common.mx_6.9.2.202309101412\\db\/mcu/
2023-11-05 20:32:55,677 [INFO] ApiDb:274 - Set plugin database path to: C:\ST\STM32CubeIDE_1.13.2\STM32CubeIDE\plugins\com.st.stm32cube.common.mx_6.9.2.202309101412\\db\/plugins/boardmanager/
2023-11-05 20:32:55,682 [WARN] ApiDb:259 - Overriding images path with different value:  => C:\ST\STM32CubeIDE_1.13.2\STM32CubeIDE\plugins\com.st.stm32cube.common.mx_6.9.2.202309101412\\db\/plugins/mcufinder/images/
2023-11-05 20:32:55,711 [INFO] ApiDb:250 - Set database path to: C:\Users\91916\.stmcufinder\plugins\mcufinder//mcu/
2023-11-05 20:32:55,715 [INFO] DbMcusAds:125 - Set database path to: C:\Users\91916\.stmcufinder\plugins\mcufinder//mcu/
2023-11-05 20:32:55,724 [INFO] CrossReferenceDbSqlite:203 - Set database path to: C:\Users\91916\.stmcufinder\plugins\mcufinder//mcu/cs/
2023-11-05 20:32:56,123 [INFO] RulesReader:64 - Compatibility file has been processed (293 Rules)
2023-11-05 20:32:56,380 [INFO] DbMcusXml:78 - Set database path to: C:\ST\STM32CubeIDE_1.13.2\STM32CubeIDE\plugins\com.st.stm32cube.common.mx_6.9.2.202309101412\\db\/mcu/
2023-11-05 20:32:56,381 [INFO] ApiDb:274 - Set plugin database path to: C:\ST\STM32CubeIDE_1.13.2\STM32CubeIDE\plugins\com.st.stm32cube.common.mx_6.9.2.202309101412\\db\/plugins/boardmanager/
2023-11-05 20:32:56,382 [INFO] ApiDb:261 - Set plugin images path to: C:\ST\STM32CubeIDE_1.13.2\STM32CubeIDE\plugins\com.st.stm32cube.common.mx_6.9.2.202309101412\\db\/plugins/mcufinder/images/
2023-11-05 20:32:56,383 [WARN] DbFile:41 - Overriding database path with different value: C:\Users\91916\.stmcufinder\plugins\mcufinder/ => C:\Users\91916\.stmcufinder\plugins\mcufinder
2023-11-05 20:32:56,383 [INFO] ApiDb:250 - Set database path to: C:\Users\91916\.stmcufinder\plugins\mcufinder//mcu/
2023-11-05 20:32:56,383 [WARN] DbFile:41 - Overriding database path with different value: C:\Users\91916\.stmcufinder\plugins\mcufinder/ => C:\Users\91916\.stmcufinder\plugins\mcufinder
2023-11-05 20:32:56,384 [INFO] DbMcusAds:125 - Set database path to: C:\Users\91916\.stmcufinder\plugins\mcufinder//mcu/
2023-11-05 20:32:56,384 [WARN] DbFile:41 - Overriding database path with different value: C:\Users\91916\.stmcufinder\plugins\mcufinder/ => C:\Users\91916\.stmcufinder\plugins\mcufinder
2023-11-05 20:32:56,384 [WARN] DbFile:41 - Overriding database path with different value: C:\Users\91916\.stmcufinder\plugins\mcufinder/ => C:\Users\91916\.stmcufinder\plugins\mcufinder
2023-11-05 20:32:56,385 [INFO] CrossReferenceDbSqlite:203 - Set database path to: C:\Users\91916\.stmcufinder\plugins\mcufinder//mcu/cs/
2023-11-05 20:32:56,596 [INFO] MainPanel:262 - HeapMemory: 268435456
2023-11-05 20:32:56,799 [INFO] DbMcusXml:78 - Set database path to: C:\ST\STM32CubeIDE_1.13.2\STM32CubeIDE\plugins\com.st.stm32cube.common.mx_6.9.2.202309101412\\db\/mcu/
2023-11-05 20:32:56,799 [INFO] ApiDb:274 - Set plugin database path to: C:\ST\STM32CubeIDE_1.13.2\STM32CubeIDE\plugins\com.st.stm32cube.common.mx_6.9.2.202309101412\\db\/plugins/boardmanager/
2023-11-05 20:32:56,800 [INFO] ApiDb:261 - Set plugin images path to: C:\ST\STM32CubeIDE_1.13.2\STM32CubeIDE\plugins\com.st.stm32cube.common.mx_6.9.2.202309101412\\db\/plugins/mcufinder/images/
2023-11-05 20:32:56,800 [WARN] DbFile:41 - Overriding database path with different value: C:\Users\91916\.stmcufinder\plugins\mcufinder/ => C:\Users\91916\.stmcufinder\plugins\mcufinder
2023-11-05 20:32:56,800 [INFO] ApiDb:250 - Set database path to: C:\Users\91916\.stmcufinder\plugins\mcufinder//mcu/
2023-11-05 20:32:56,801 [WARN] DbFile:41 - Overriding database path with different value: C:\Users\91916\.stmcufinder\plugins\mcufinder/ => C:\Users\91916\.stmcufinder\plugins\mcufinder
2023-11-05 20:32:56,801 [INFO] DbMcusAds:125 - Set database path to: C:\Users\91916\.stmcufinder\plugins\mcufinder//mcu/
2023-11-05 20:32:56,801 [WARN] DbFile:41 - Overriding database path with different value: C:\Users\91916\.stmcufinder\plugins\mcufinder/ => C:\Users\91916\.stmcufinder\plugins\mcufinder
2023-11-05 20:32:56,801 [WARN] DbFile:41 - Overriding database path with different value: C:\Users\91916\.stmcufinder\plugins\mcufinder/ => C:\Users\91916\.stmcufinder\plugins\mcufinder
2023-11-05 20:32:56,847 [INFO] CrossReferenceDbSqlite:203 - Set database path to: C:\Users\91916\.stmcufinder\plugins\mcufinder//mcu/cs/
2023-11-05 20:32:56,900 [INFO] ApplicationProperties:184 - Using Application install path: C:\ST\STM32CubeIDE_1.13.2\STM32CubeIDE\plugins\com.st.stm32cube.common.mx_6.9.2.202309101412
2023-11-05 20:32:56,904 [INFO] PluginManage:196 - Search for loadable plugins [exclusion list=, ]
2023-11-05 20:32:56,908 [INFO] PluginManage:310 - Check plugin analytics
2023-11-05 20:33:02,006 [INFO] AnalyticsPlugin:253 - Accepted Software Licenses: STM32CubeMX.6.9.2
2023-11-05 20:33:02,006 [INFO] AnalyticsPlugin:255 - Accepted CMSIS Pack Licenses: 
2023-11-05 20:33:02,007 [INFO] AnalyticsPlugin:257 - Accepted Firmware Licenses: FW.F4.1.27.0
2023-11-05 20:33:02,016 [INFO] PluginManage:359 - Loaded plugin analytics (category:tool,tabindex:-1)
2023-11-05 20:33:02,017 [INFO] PluginManage:310 - Check plugin cadmodel
2023-11-05 20:33:02,032 [INFO] CADModel:105 - Init CAD model plugin
2023-11-05 20:33:02,033 [INFO] PluginManage:359 - Loaded plugin cadmodel (category:power,tabindex:5)
2023-11-05 20:33:02,034 [INFO] PluginManage:310 - Check plugin clock
2023-11-05 20:33:02,057 [INFO] PluginManage:359 - Loaded plugin clock (category:base,tabindex:2)
2023-11-05 20:33:02,057 [INFO] PluginManage:310 - Check plugin ddr
2023-11-05 20:33:02,063 [INFO] PluginManage:359 - Loaded plugin ddr (category:tool,tabindex:6)
2023-11-05 20:33:02,063 [INFO] PluginManage:310 - Check plugin filemanager
2023-11-05 20:33:02,422 [INFO] PluginManage:359 - Loaded plugin filemanager (category:base,tabindex:10)
2023-11-05 20:33:02,422 [INFO] PluginManage:310 - Check plugin ipmanager
2023-11-05 20:33:02,442 [INFO] PluginManage:359 - Loaded plugin ipmanager (category:base,tabindex:5)
2023-11-05 20:33:02,443 [INFO] PluginManage:310 - Check plugin lpbam
2023-11-05 20:33:02,473 [INFO] PluginManage:359 - Loaded plugin lpbam (category:base,tabindex:0)
2023-11-05 20:33:02,474 [INFO] PluginManage:310 - Check plugin memorymap
2023-11-05 20:33:02,513 [INFO] PluginManage:359 - Loaded plugin memorymap (category:base,tabindex:4)
2023-11-05 20:33:02,514 [INFO] PluginManage:310 - Check plugin pinoutandconfiguration
2023-11-05 20:33:02,536 [INFO] PluginManage:359 - Loaded plugin pinoutandconfiguration (category:base,tabindex:1)
2023-11-05 20:33:02,537 [INFO] PluginManage:310 - Check plugin pinoutconfig
2023-11-05 20:33:02,850 [WARN] SupportedApi:132 - Cannot load RTOS API schema: s4s-elt-must-match.1: The content of 'definitions' must match (annotation?, (simpleType | complexType)?, (unique | key | keyref)*)). A problem was found starting at: attribute.
2023-11-05 20:33:03,286 [INFO] PluginManage:359 - Loaded plugin pinoutconfig (category:base,tabindex:0)
2023-11-05 20:33:03,286 [INFO] PluginManage:310 - Check plugin power
2023-11-05 20:33:03,321 [INFO] PluginManage:359 - Loaded plugin power (category:power,tabindex:4)
2023-11-05 20:33:03,321 [INFO] PluginManage:310 - Check plugin projectmanager
2023-11-05 20:33:03,376 [INFO] PluginManage:359 - Loaded plugin projectmanager (category:projectmanager,tabindex:3)
2023-11-05 20:33:03,377 [INFO] PluginManage:310 - Check plugin thirdparty
2023-11-05 20:33:03,806 [INFO] PluginManage:359 - Loaded plugin thirdparty (category:base,tabindex:-1)
2023-11-05 20:33:03,808 [INFO] PluginManage:310 - Check plugin tools
2023-11-05 20:33:03,811 [WARN] IntegrityCheckThread:84 - waiting for thirdparty lock release [integrity check]
2023-11-05 20:33:03,815 [INFO] IntegrityCheckThread:86 - entering critical section [integrity check]
2023-11-05 20:33:03,816 [INFO] PluginManage:359 - Loaded plugin tools (category:base,tabindex:7)
2023-11-05 20:33:03,817 [INFO] ThirdPartyUpdaterWithRetryManager:70 - Updater plugin not ready yet. [1/15]
2023-11-05 20:33:03,817 [INFO] PluginManage:310 - Check plugin tutovideos
2023-11-05 20:33:04,377 [INFO] PluginManage:359 - Loaded plugin tutovideos (category:base,tabindex:-1)
2023-11-05 20:33:04,378 [INFO] PluginManage:310 - Check plugin updater
2023-11-05 20:33:04,406 [INFO] PluginManage:359 - Loaded plugin updater (category:base,tabindex:12)
2023-11-05 20:33:04,407 [INFO] PluginManage:310 - Check plugin userauth
2023-11-05 20:33:04,423 [INFO] UserAuth:113 - Init User Auth plugin
2023-11-05 20:33:04,424 [INFO] PluginManage:359 - Loaded plugin userauth (category:base,tabindex:14)
2023-11-05 20:33:04,426 [INFO] PluginManage:283 - PluginManage : Loaded plugins [17]
2023-11-05 20:33:05,084 [INFO] PinOutPanel:1499 - setPackage(No Configuration,No Configuration)
2023-11-05 20:33:05,439 [INFO] CADModel:165 - CPN selected for project level
2023-11-05 20:33:05,439 [INFO] CADModel:114 - Register for checkConnection events
2023-11-05 20:33:05,471 [INFO] IPUIPlugin:80 - create IPUIPlugin
2023-11-05 20:33:05,471 [INFO] PluginManager:220 - loadIPPluginJar : add adc
2023-11-05 20:33:05,478 [INFO] IPUIPlugin:80 - create IPUIPlugin
2023-11-05 20:33:05,479 [INFO] PluginManager:220 - loadIPPluginJar : add aes
2023-11-05 20:33:05,485 [INFO] IPUIPlugin:80 - create IPUIPlugin
2023-11-05 20:33:05,485 [INFO] PluginManager:220 - loadIPPluginJar : add can
2023-11-05 20:33:05,489 [INFO] IPUIPlugin:80 - create IPUIPlugin
2023-11-05 20:33:05,490 [INFO] PluginManager:220 - loadIPPluginJar : add comp
2023-11-05 20:33:05,497 [INFO] IPUIPlugin:80 - create IPUIPlugin
2023-11-05 20:33:05,498 [INFO] PluginManager:220 - loadIPPluginJar : add cryp
2023-11-05 20:33:05,504 [INFO] IPUIPlugin:80 - create IPUIPlugin
2023-11-05 20:33:05,504 [INFO] PluginManager:220 - loadIPPluginJar : add dfsdm
2023-11-05 20:33:05,514 [INFO] IPUIPlugin:80 - create IPUIPlugin
2023-11-05 20:33:05,515 [INFO] PluginManager:220 - loadIPPluginJar : add dma
2023-11-05 20:33:05,521 [INFO] IPUIPlugin:80 - create IPUIPlugin
2023-11-05 20:33:05,521 [INFO] PluginManager:220 - loadIPPluginJar : add dma3
2023-11-05 20:33:05,525 [INFO] IPUIPlugin:80 - create IPUIPlugin
2023-11-05 20:33:05,525 [INFO] PluginManager:220 - loadIPPluginJar : add fatfs
2023-11-05 20:33:05,538 [INFO] IPUIPlugin:80 - create IPUIPlugin
2023-11-05 20:33:05,539 [INFO] PluginManager:220 - loadIPPluginJar : add fmc
2023-11-05 20:33:05,554 [INFO] IPUIPlugin:80 - create IPUIPlugin
2023-11-05 20:33:05,554 [INFO] PluginManager:220 - loadIPPluginJar : add freertos
2023-11-05 20:33:05,558 [INFO] IPUIPlugin:80 - create IPUIPlugin
2023-11-05 20:33:05,559 [INFO] PluginManager:220 - loadIPPluginJar : add genericplugin
2023-11-05 20:33:05,565 [INFO] IPUIPlugin:80 - create IPUIPlugin
2023-11-05 20:33:05,566 [INFO] PluginManager:220 - loadIPPluginJar : add gfxmmu
2023-11-05 20:33:05,580 [INFO] IPUIPlugin:80 - create IPUIPlugin
2023-11-05 20:33:05,581 [INFO] PluginManager:220 - loadIPPluginJar : add gic
2023-11-05 20:33:05,592 [INFO] IPUIPlugin:80 - create IPUIPlugin
2023-11-05 20:33:05,592 [INFO] PluginManager:220 - loadIPPluginJar : add gpio
2023-11-05 20:33:05,601 [INFO] IPUIPlugin:80 - create IPUIPlugin
2023-11-05 20:33:05,602 [INFO] PluginManager:220 - loadIPPluginJar : add gtzc
2023-11-05 20:33:05,610 [INFO] IPUIPlugin:80 - create IPUIPlugin
2023-11-05 20:33:05,610 [INFO] PluginManager:220 - loadIPPluginJar : add hash
2023-11-05 20:33:05,618 [INFO] IPUIPlugin:80 - create IPUIPlugin
2023-11-05 20:33:05,619 [INFO] PluginManager:220 - loadIPPluginJar : add i2c
2023-11-05 20:33:05,625 [INFO] IPUIPlugin:80 - create IPUIPlugin
2023-11-05 20:33:05,625 [INFO] PluginManager:220 - loadIPPluginJar : add i2s
2023-11-05 20:33:05,634 [INFO] IPUIPlugin:80 - create IPUIPlugin
2023-11-05 20:33:05,634 [INFO] PluginManager:220 - loadIPPluginJar : add i3c
2023-11-05 20:33:05,644 [INFO] IPUIPlugin:80 - create IPUIPlugin
2023-11-05 20:33:05,645 [INFO] PluginManager:220 - loadIPPluginJar : add ipddr
2023-11-05 20:33:05,661 [INFO] IPUIPlugin:80 - create IPUIPlugin
2023-11-05 20:33:05,662 [INFO] PluginManager:220 - loadIPPluginJar : add linkedlist
2023-11-05 20:33:05,671 [INFO] IPUIPlugin:80 - create IPUIPlugin
2023-11-05 20:33:05,671 [INFO] PluginManager:220 - loadIPPluginJar : add lorawan
2023-11-05 20:33:05,675 [INFO] IPUIPlugin:80 - create IPUIPlugin
2023-11-05 20:33:05,676 [INFO] PluginManager:220 - loadIPPluginJar : add ltdc
2023-11-05 20:33:05,690 [INFO] IPUIPlugin:80 - create IPUIPlugin
2023-11-05 20:33:05,691 [INFO] PluginManager:220 - loadIPPluginJar : add mdma
2023-11-05 20:33:05,703 [INFO] IPUIPlugin:80 - create IPUIPlugin
2023-11-05 20:33:05,704 [INFO] PluginManager:220 - loadIPPluginJar : add nvic
2023-11-05 20:33:05,712 [INFO] IPUIPlugin:80 - create IPUIPlugin
2023-11-05 20:33:05,712 [INFO] PluginManager:220 - loadIPPluginJar : add opamp
2023-11-05 20:33:05,723 [INFO] IPUIPlugin:80 - create IPUIPlugin
2023-11-05 20:33:05,724 [INFO] PluginManager:220 - loadIPPluginJar : add openamp
2023-11-05 20:33:05,732 [INFO] IPUIPlugin:80 - create IPUIPlugin
2023-11-05 20:33:05,733 [INFO] PluginManager:220 - loadIPPluginJar : add pdm2pcm
2023-11-05 20:33:05,752 [INFO] IPUIPlugin:80 - create IPUIPlugin
2023-11-05 20:33:05,759 [INFO] PluginManager:220 - loadIPPluginJar : add plateformsettings
2023-11-05 20:33:05,766 [INFO] IPUIPlugin:80 - create IPUIPlugin
2023-11-05 20:33:05,766 [INFO] PluginManager:220 - loadIPPluginJar : add quadspi
2023-11-05 20:33:05,776 [INFO] IPUIPlugin:80 - create IPUIPlugin
2023-11-05 20:33:05,777 [INFO] PluginManager:220 - loadIPPluginJar : add resmgrutility
2023-11-05 20:33:05,786 [INFO] IPUIPlugin:80 - create IPUIPlugin
2023-11-05 20:33:05,787 [INFO] PluginManager:220 - loadIPPluginJar : add sai
2023-11-05 20:33:05,794 [INFO] IPUIPlugin:80 - create IPUIPlugin
2023-11-05 20:33:05,794 [INFO] PluginManager:220 - loadIPPluginJar : add spi
2023-11-05 20:33:05,809 [INFO] IPUIPlugin:80 - create IPUIPlugin
2023-11-05 20:33:05,810 [INFO] PluginManager:220 - loadIPPluginJar : add stm32_wpan
2023-11-05 20:33:05,814 [INFO] IPUIPlugin:80 - create IPUIPlugin
2023-11-05 20:33:05,815 [INFO] PluginManager:220 - loadIPPluginJar : add tim
2023-11-05 20:33:05,825 [INFO] IPUIPlugin:80 - create IPUIPlugin
2023-11-05 20:33:05,825 [INFO] PluginManager:220 - loadIPPluginJar : add touchsensing
2023-11-05 20:33:05,831 [INFO] IPUIPlugin:80 - create IPUIPlugin
2023-11-05 20:33:05,832 [INFO] PluginManager:220 - loadIPPluginJar : add tracer_emb
2023-11-05 20:33:05,838 [INFO] IPUIPlugin:80 - create IPUIPlugin
2023-11-05 20:33:05,839 [INFO] PluginManager:220 - loadIPPluginJar : add ts
2023-11-05 20:33:05,845 [INFO] IPUIPlugin:80 - create IPUIPlugin
2023-11-05 20:33:05,846 [INFO] PluginManager:220 - loadIPPluginJar : add tsc
2023-11-05 20:33:05,852 [INFO] IPUIPlugin:80 - create IPUIPlugin
2023-11-05 20:33:05,853 [INFO] PluginManager:220 - loadIPPluginJar : add ucpd
2023-11-05 20:33:05,864 [INFO] IPUIPlugin:80 - create IPUIPlugin
2023-11-05 20:33:05,864 [INFO] PluginManager:220 - loadIPPluginJar : add usart
2023-11-05 20:33:05,875 [INFO] IPUIPlugin:80 - create IPUIPlugin
2023-11-05 20:33:05,875 [INFO] PluginManager:220 - loadIPPluginJar : add usbx
2023-11-05 20:33:06,149 [INFO] CADModel:165 - CPN selected for project level
2023-11-05 20:33:06,149 [INFO] CADModel:114 - Register for checkConnection events
2023-11-05 20:33:06,150 [FATAL] Updater:308 - Updater called before beeing initialized
2023-11-05 20:33:06,151 [ERROR] CADModel:125 - Updater not yet initialized, retry later 
2023-11-05 20:33:06,530 [INFO] CADModel:165 - CPN selected for project level
2023-11-05 20:33:06,531 [INFO] CADModel:114 - Register for checkConnection events
2023-11-05 20:33:06,531 [FATAL] Updater:308 - Updater called before beeing initialized
2023-11-05 20:33:06,532 [ERROR] CADModel:125 - Updater not yet initialized, retry later 
2023-11-05 20:33:06,540 [FATAL] Updater:308 - Updater called before beeing initialized
2023-11-05 20:33:06,819 [INFO] ThirdPartyUpdaterWithRetryManager:70 - Updater plugin not ready yet. [2/15]
2023-11-05 20:33:06,895 [FATAL] Updater:308 - Updater called before beeing initialized
2023-11-05 20:33:06,920 [INFO] DbMcusAds:53 - JSON generation date=Tue Mar 07 14:20:55 IST 2023 (1678179055114)
2023-11-05 20:33:06,920 [FATAL] Updater:308 - Updater called before beeing initialized
2023-11-05 20:33:07,042 [WARN] DetailPanel:346 - Failed to get advertising image, set to default
2023-11-05 20:33:07,355 [FATAL] Updater:308 - Updater called before beeing initialized
2023-11-05 20:33:07,361 [FATAL] Updater:308 - Updater called before beeing initialized
2023-11-05 20:33:07,361 [FATAL] Updater:308 - Updater called before beeing initialized
2023-11-05 20:33:07,362 [WARN] DetailPanel:346 - Failed to get advertising image, set to default
2023-11-05 20:33:07,365 [FATAL] Updater:308 - Updater called before beeing initialized
2023-11-05 20:33:07,560 [ERROR] Updater:1120 - MainUpdater not yet initialized. External WinMGr cannot be set.
2023-11-05 20:33:07,565 [INFO] Updater:1056 - Updater Version found : 6.9.2
2023-11-05 20:33:07,632 [INFO] ApplicationProperties:184 - Using Application install path: C:\ST\STM32CubeIDE_1.13.2\STM32CubeIDE\plugins\com.st.stm32cube.common.mx_6.9.2.202309101412
2023-11-05 20:33:08,280 [INFO] MainUpdater:2868 - connection check result : 10
2023-11-05 20:33:08,282 [INFO] MainUpdater:285 - Updater Check For Update Now.
2023-11-05 20:33:08,283 [INFO] MicroXplorer:498 - Change Database Version : DB.6.0.92
2023-11-05 20:33:08,298 [INFO] McuFinderGlobals:63 - Set McuFinder mode to 2 (CubeIDE integrated)
2023-11-05 20:33:08,299 [INFO] UserAuth:179 - activating auth plugin
2023-11-05 20:33:08,307 [INFO] UserAuth:393 - Internet connection configuration mode: 1
2023-11-05 20:33:08,340 [INFO] JxBrowserEngine:151 - Initiate JxBrowser Engine with user profile folder
2023-11-05 20:33:08,729 [INFO] CheckServerUpdateThread:120 - End of CheckServer Thread
2023-11-05 20:33:10,251 [INFO] WebApp:157 - Instantiating new browser for Auth
2023-11-05 20:33:10,634 [WARN] PackLoader:240 - Cannot read IP mode file for STMicroelectronics.X-CUBE-SMBUS.2.1.0
2023-11-05 20:33:10,875 [WARN] PackLoader:240 - Cannot read IP mode file for STMicroelectronics.X-CUBE-AZRTOS-F7.1.1.0
2023-11-05 20:33:10,986 [WARN] PackLoader:240 - Cannot read IP mode file for STMicroelectronics.FP-SNS-MOTENV1.4.3.2
2023-11-05 20:33:11,021 [WARN] PackLoader:240 - Cannot read IP mode file for STMicroelectronics.FP-SNS-FLIGHT1.5.0.2
2023-11-05 20:33:11,076 [WARN] PackLoader:240 - Cannot read IP mode file for STMicroelectronics.X-CUBE-DISPLAY.3.0.0
2023-11-05 20:33:11,211 [WARN] PackLoader:240 - Cannot read IP mode file for STMicroelectronics.X-CUBE-BLE1.7.0.0
2023-11-05 20:33:11,231 [WARN] PackLoader:240 - Cannot read IP mode file for emotas.I-CUBE-CANOPEN.1.3.0
2023-11-05 20:33:11,257 [WARN] PackLoader:240 - Cannot read IP mode file for STMicroelectronics.X-CUBE-TOUCHGFX.4.22.1
2023-11-05 20:33:11,286 [WARN] PackLoader:240 - Cannot read IP mode file for STMicroelectronics.FP-SNS-SMARTAG2.1.2.0
2023-11-05 20:33:11,344 [INFO] LogOutputStream:77 - [STDOUT_REDIRECT] 1 : Invalid condition id : UX_CORESTACK_Condition cause : null
2023-11-05 20:33:11,345 [INFO] LogOutputStream:77 - [STDOUT_REDIRECT] 1 : Invalid condition id : UX_CORESTACK_Condition cause : null
2023-11-05 20:33:11,350 [INFO] LogOutputStream:77 - [STDOUT_REDIRECT] 1 : Invalid condition id : UX_CORESTACK_Condition cause : null
2023-11-05 20:33:11,360 [INFO] LogOutputStream:77 - [STDOUT_REDIRECT] 1 : Invalid condition id : UX_CORESTACK_Condition cause : null
2023-11-05 20:33:11,365 [INFO] LogOutputStream:77 - [STDOUT_REDIRECT] 1 : Invalid condition id : UX_CORESTACK_Condition cause : null
2023-11-05 20:33:11,392 [WARN] PackLoader:240 - Cannot read IP mode file for STMicroelectronics.X-CUBE-AZRTOS-WL.2.0.0
2023-11-05 20:33:11,479 [WARN] PackLoader:240 - Cannot read IP mode file for WES.I-CUBE-Cesium.1.3.0
2023-11-05 20:33:11,503 [WARN] PackLoader:240 - Cannot read IP mode file for STMicroelectronics.X-CUBE-BLE2.3.3.0
2023-11-05 20:33:11,536 [WARN] PackLoader:240 - Cannot read IP mode file for STMicroelectronics.X-CUBE-ALGOBUILD.1.3.0
2023-11-05 20:33:11,633 [WARN] PackLoader:240 - Cannot read IP mode file for STMicroelectronics.X-CUBE-AZRTOS-G0.1.1.0
2023-11-05 20:33:11,682 [WARN] PackLoader:240 - Cannot read IP mode file for STMicroelectronics.X-CUBE-NFC4.3.0.0
2023-11-05 20:33:11,727 [WARN] PackLoader:240 - Cannot read IP mode file for STMicroelectronics.X-CUBE-BLEMGR.3.0.0
2023-11-05 20:33:11,750 [WARN] PackLoader:240 - Cannot read IP mode file for STMicroelectronics.FP-ATR-SIGFOX1.3.2.0
2023-11-05 20:33:11,940 [WARN] PackLoader:240 - Cannot read IP mode file for SEGGER.I-CUBE-embOS.1.3.1
2023-11-05 20:33:12,135 [WARN] PackLoader:240 - Cannot read IP mode file for STMicroelectronics.X-CUBE-GNSS1.6.0.0
2023-11-05 20:33:12,204 [WARN] PackLoader:240 - Cannot read IP mode file for STMicroelectronics.X-CUBE-AZRTOS-F4.1.1.0
2023-11-05 20:33:12,232 [WARN] PackLoader:240 - Cannot read IP mode file for wolfSSL.I-CUBE-wolfSSL.5.6.3
2023-11-05 20:33:12,302 [WARN] PackLoader:240 - Cannot read IP mode file for STMicroelectronics.X-CUBE-AZRTOS-L5.2.0.0
2023-11-05 20:33:12,327 [WARN] PackLoader:240 - Cannot read IP mode file for STMicroelectronics.X-CUBE-EEPRMA1.4.2.0
2023-11-05 20:33:12,348 [WARN] PackLoader:240 - Cannot read IP mode file for ITTIA_DB.I-CUBE-ITTIADB.8.8.0
2023-11-05 20:33:12,368 [WARN] PackLoader:240 - Cannot read IP mode file for STMicroelectronics.X-CUBE-BLEMGR.2.0.0
2023-11-05 20:33:12,430 [WARN] ConditionMgr:438 - getConditionDescription Invalid condition id : UX DEVICE CLASS RTOS Condition cause : null
2023-11-05 20:33:12,431 [WARN] ConditionMgr:438 - getConditionDescription Invalid condition id : UX DEVICE CLASS RTOS Condition cause : null
2023-11-05 20:33:12,442 [WARN] PackLoader:240 - Cannot read IP mode file for STMicroelectronics.X-CUBE-AZRTOS-H7.3.1.0
2023-11-05 20:33:12,445 [WARN] ConditionMgr:1039 - genDependencies : Invalid condition id : UX DEVICE CLASS RTOS Condition cause : null
2023-11-05 20:33:12,446 [WARN] ConditionMgr:1039 - genDependencies : Invalid condition id : UX DEVICE CLASS RTOS Condition cause : null
2023-11-05 20:33:12,448 [WARN] ConditionMgr:1039 - genDependencies : Invalid condition id : UX DEVICE CLASS RTOS Condition cause : null
2023-11-05 20:33:12,449 [WARN] ConditionMgr:1039 - genDependencies : Invalid condition id : UX DEVICE CLASS RTOS Condition cause : null
2023-11-05 20:33:12,450 [WARN] ConditionMgr:1039 - genDependencies : Invalid condition id : UX DEVICE CLASS RTOS Condition cause : null
2023-11-05 20:33:12,468 [WARN] PackLoader:240 - Cannot read IP mode file for STMicroelectronics.X-CUBE-NFC7.1.0.1
2023-11-05 20:33:12,557 [WARN] PackLoader:240 - Cannot read IP mode file for STMicroelectronics.X-CUBE-NFC6.3.0.0
2023-11-05 20:33:12,581 [WARN] PackLoader:240 - Cannot read IP mode file for STMicroelectronics.X-CUBE-EEPRMA1.4.1.0
2023-11-05 20:33:12,595 [WARN] PackLoader:240 - Cannot read IP mode file for STMicroelectronics.X-CUBE-AI.8.1.0
2023-11-05 20:33:12,692 [WARN] ConditionMgr:438 - getConditionDescription Invalid condition id : LAN8742 Phy interface Condition cause : null
2023-11-05 20:33:12,695 [WARN] PackLoader:240 - Cannot read IP mode file for STMicroelectronics.X-CUBE-AZRTOS-L4.2.0.0
2023-11-05 20:33:12,699 [WARN] ConditionMgr:1039 - genDependencies : Invalid condition id : LAN8742 Phy interface Condition cause : null
2023-11-05 20:33:12,700 [WARN] ConditionMgr:1039 - genDependencies : Invalid condition id : LAN8742 Phy interface Condition cause : null
2023-11-05 20:33:12,702 [WARN] ConditionMgr:1039 - genDependencies : Invalid condition id : LAN8742 Phy interface Condition cause : null
2023-11-05 20:33:12,730 [WARN] PackLoader:240 - Cannot read IP mode file for STMicroelectronics.X-CUBE-SFXS2LP1.4.0.0
2023-11-05 20:33:12,753 [WARN] PackLoader:240 - Cannot read IP mode file for STMicroelectronics.X-CUBE-ISPU.1.1.0
2023-11-05 20:33:12,817 [WARN] ConditionMgr:438 - getConditionDescription Invalid condition id : UX DEVICE CLASS RTOS Condition cause : null
2023-11-05 20:33:12,818 [WARN] ConditionMgr:438 - getConditionDescription Invalid condition id : UX DEVICE CLASS RTOS Condition cause : null
2023-11-05 20:33:12,825 [WARN] PackLoader:240 - Cannot read IP mode file for STMicroelectronics.X-CUBE-AZRTOS-WB.2.0.0
2023-11-05 20:33:12,828 [WARN] ConditionMgr:1039 - genDependencies : Invalid condition id : UX DEVICE CLASS RTOS Condition cause : null
2023-11-05 20:33:12,829 [WARN] ConditionMgr:1039 - genDependencies : Invalid condition id : UX DEVICE CLASS RTOS Condition cause : null
2023-11-05 20:33:12,831 [WARN] ConditionMgr:1039 - genDependencies : Invalid condition id : UX DEVICE CLASS RTOS Condition cause : null
2023-11-05 20:33:12,832 [WARN] ConditionMgr:1039 - genDependencies : Invalid condition id : UX DEVICE CLASS RTOS Condition cause : null
2023-11-05 20:33:12,832 [WARN] ConditionMgr:1039 - genDependencies : Invalid condition id : UX DEVICE CLASS RTOS Condition cause : null
2023-11-05 20:33:12,872 [WARN] PackLoader:240 - Cannot read IP mode file for STMicroelectronics.X-CUBE-SUBG2.5.0.0
2023-11-05 20:33:12,928 [WARN] PackLoader:240 - Cannot read IP mode file for STMicroelectronics.X-CUBE-TOF1.3.3.1
2023-11-05 20:33:13,005 [WARN] PackLoader:240 - Cannot read IP mode file for STMicroelectronics.X-CUBE-AZRTOS-G4.2.0.0
2023-11-05 20:33:13,085 [WARN] PackLoader:240 - Cannot read IP mode file for Infineon.AIROC-Wi-Fi-Bluetooth-STM32.1.5.1
2023-11-05 20:33:13,240 [WARN] PackLoader:240 - Cannot read IP mode file for STMicroelectronics.X-CUBE-MEMS1.10.0.0
2023-11-05 20:33:13,824 [WARN] PackLoader:240 - Cannot read IP mode file for STMicroelectronics.X-CUBE-FREERTOS.1.1.0
2023-11-05 20:33:13,839 [WARN] PackLoader:240 - Cannot read IP mode file for portGmbH.I-Cube-SoM-uGOAL.1.1.0
2023-11-05 20:33:13,851 [WARN] PackLoader:240 - Cannot read IP mode file for STMicroelectronics.X-CUBE-ALS.1.0.1
2023-11-05 20:33:13,863 [WARN] PackLoader:240 - Cannot read IP mode file for STMicroelectronics.FP-ATR-ASTRA1.2.0.0
2023-11-05 20:33:13,873 [INFO] ThirdParty:978 - Integrity check success = true
2023-11-05 20:33:13,873 [INFO] IntegrityCheckThread:100 - exiting critical section [integrity check]
2023-11-05 20:33:13,873 [INFO] IntegrityCheckThread:103 - End integrity checks thread
2023-11-05 20:33:15,445 [INFO] McuFinderGlobals:63 - Set McuFinder mode to 2 (CubeIDE integrated)
2023-11-05 20:33:15,524 [INFO] MainUpdater:2868 - connection check result : 10
2023-11-05 20:33:15,601 [INFO] McuFinderGlobals:76 - Set McuFinderConnectedMode to true
2023-11-05 20:33:15,641 [INFO] WebApp:753 - Register for checkConnection events
2023-11-05 20:33:15,642 [INFO] WebApp:390 - Apply proxy settings
2023-11-05 20:33:15,643 [INFO] WebApp:475 - Chromium requires no authentication
2023-11-05 20:33:15,666 [INFO] WebApp:418 - Direct internet connection detected
2023-11-05 20:33:16,315 [INFO] WebApp:188 - Starting web application
2023-11-05 20:33:16,316 [INFO] WebApp:520 - Web application path used C:\ST\STM32CubeIDE_1.13.2\STM32CubeIDE\plugins\com.st.stm32cube.common.mx_6.9.2.202309101412\db\plugins\mcufinder\reactClient1\index.html
2023-11-05 20:33:16,383 [INFO] ServerAccessManage:473 - Download File mcusAds.json._tmp_
2023-11-05 20:33:16,508 [INFO] LoadUrlFilesThread:156 - End of LoadUrlFiles Thread
2023-11-05 20:33:18,009 [INFO] ServerAccessManage:473 - Download File cube-finder-db.zip
2023-11-05 20:33:27,101 [INFO] FileExtend:240 - Unzip File : cube-finder-db.zip
2023-11-05 20:33:27,103 [INFO] FileExtend:255 - Standard Zip Deflate
2023-11-05 20:33:28,877 [INFO] LoadUrlFilesThread:156 - End of LoadUrlFiles Thread
2023-11-05 20:33:29,475 [INFO] ServerAccessManage:473 - Download File crdb.zip
2023-11-05 20:33:30,330 [INFO] FileExtend:240 - Unzip File : crdb.zip
2023-11-05 20:33:30,331 [INFO] FileExtend:255 - Standard Zip Deflate
2023-11-05 20:33:30,526 [INFO] LoadUrlFilesThread:156 - End of LoadUrlFiles Thread
2023-11-05 20:33:31,945 [INFO] ServerAccessManage:473 - Download File tutoVideoDB.zip
2023-11-05 20:33:32,017 [INFO] FileExtend:240 - Unzip File : tutoVideoDB.zip
2023-11-05 20:33:32,018 [INFO] FileExtend:255 - Standard Zip Deflate
2023-11-05 20:33:32,156 [INFO] LoadUrlFilesThread:156 - End of LoadUrlFiles Thread
2023-11-05 20:33:32,162 [WARN] DbFile:41 - Overriding database path with different value: C:\Users\91916\.stmcufinder\plugins\mcufinder/ => C:\Users\91916\.stmcufinder\plugins\mcufinder
2023-11-05 20:33:32,781 [INFO] ServerAccessManage:473 - Download File api_config.json
2023-11-05 20:33:32,899 [INFO] LoadUrlFilesThread:156 - End of LoadUrlFiles Thread
2023-11-05 20:33:32,902 [INFO] DbMcusAds:53 - JSON generation date=Tue Mar 07 14:20:55 IST 2023 (1678179055335)
2023-11-05 20:33:32,966 [INFO] LoadUrlFilesThread:185 - End of LoadServerUrlFiles without Thread
2023-11-05 20:33:32,966 [INFO] TargetSelectorAdapter:259 - Refresh data is successful
2023-11-05 20:33:33,271 [INFO] ApiDb:581 - Connected to CubeFinder SQLite database (C:\Users\91916\.stmcufinder\plugins\mcufinder\mcu\cube-finder-db.db)
2023-11-05 20:33:33,421 [INFO] ApiDb:668 - CubeFinder database Data Model version=2.1
2023-11-05 20:33:33,422 [INFO] ApiDb:669 - CubeFinder database Configuration version=3.0.37
2023-11-05 20:33:33,423 [INFO] ApiDb:670 - CubeFinder database generation date=2023-10-13 (1697197505)
2023-11-05 20:33:33,423 [INFO] ApiDb:671 - CubeFinder database FW Pack versions=[FP-ATR-ASTRA1_V2.0.0, FP-SNS-FLIGHT1_V5.0.1, FP-SNS-FLIGHT1_V5.0.2, FP-SNS-MOTENV1_V4.3.1, FP-SNS-MOTENV1_V4.3.2, FP-SNS-SMARTAG2_V1.2.0, I-CUBE-ITTIADB_V8.6.3-1, STM32Cube_FW_C0_V1.1.0, STM32Cube_FW_F4_V1.27.1, STM32Cube_FW_F7_V1.17.0, STM32Cube_FW_G0_V1.6.1, STM32Cube_FW_G4_V1.5.1, STM32Cube_FW_H5_V0.5.1, STM32Cube_FW_H5_V1.1.1, STM32Cube_FW_H7_V1.11.0, STM32Cube_FW_L0_V1.12.2, STM32Cube_FW_L5_V1.5.0, STM32Cube_FW_U5_V1.3.0, STM32Cube_FW_U5_V1.3.0RC4, STM32Cube_FW_WBA_V1.0.0RC1, STM32Cube_FW_WBA_V1.1.0RC1, STM32Cube_FW_WBA_V1.1.1, STM32Cube_FW_WB_V1.15.0RC1, STM32Cube_FW_WB_V1.16.0, STM32Cube_FW_WB_V1.16.0RC2, STM32Cube_FW_WB_V1.17.3, STM32Cube_FW_WL_V1.3.0, X-CUBE-ALGOBUILD_V1.3.0, X-CUBE-ALS_V1.0.1, X-CUBE-AZRTOS-F4_V1.1.0, X-CUBE-AZRTOS-F7_V1.1.0, X-CUBE-AZRTOS-G0_V1.1.0, X-CUBE-AZRTOS-G4_V2.0.0, X-CUBE-AZRTOS-H7_V3.1.0, X-CUBE-AZRTOS-L4_V1.0.0, X-CUBE-AZRTOS-L4_V2.0.0, X-CUBE-AZRTOS-L5_V1.1.0, X-CUBE-AZRTOS-WB_V2.0.0, X-CUBE-AZRTOS-WL_V2.0.0, X-CUBE-BLE1_V7.0.0, X-CUBE-BLE2_V3.3.0, X-CUBE-BLEMGR_V2.0.0, X-CUBE-EEPRMA1_V4.1.0, X-CUBE-FREERTOS_V1.1.0, X-CUBE-GNSS1_V6.0.0, X-CUBE-MEMS1_V10.0.0, X-CUBE-MEMS1_V9.1.0, X-CUBE-MEMS1_V9.4.0, X-CUBE-MEMS1_V9.6.0, X-CUBE-NFC4_V3.0.0, X-CUBE-NFC7_V1.0.1, X-CUBE-SFXS2LP1_V4.0.0, X-CUBE-SUBG2_V5.0.0, X-CUBE-TOF1_V3.3.1]
2023-11-05 20:33:38,859 [ERROR] LogOutputStream:75 - [STDERR_REDIRECT] SLF4J: Failed to load class "org.slf4j.impl.StaticLoggerBinder".
2023-11-05 20:33:38,860 [ERROR] LogOutputStream:75 - [STDERR_REDIRECT] SLF4J: Defaulting to no-operation (NOP) logger implementation
2023-11-05 20:33:38,867 [ERROR] LogOutputStream:75 - [STDERR_REDIRECT] SLF4J: See http://www.slf4j.org/codes.html#StaticLoggerBinder for further details.
2023-11-05 20:33:40,254 [INFO] ApiDb:240 - Found 323 in-development CPN: [B-G473E-ZEST1S, B-WB1M-WPAN1, B-WL5M-SUBG1, NUCLEO-C031C6, NUCLEO-H503RB, NUCLEO-H563ZI, NUCLEO-U545RE-Q, NUCLEO-U5A5ZJ-Q, NUCLEO-WBA52CG, STEVAL-PROTEUS1, STEVAL-SMARTAG2, STEVAL-STWINBX1, STM320518-EVAL, STM32C0116-DK, STM32C011D6Y3TR, STM32C011D6Y6TR, STM32C011F4P3, STM32C011F4P6, STM32C011F4U3, STM32C011F4U6TR, STM32C011F6P3, STM32C011F6P6, STM32C011F6U3, STM32C011F6U6TR, STM32C011J4M3, STM32C011J4M6, STM32C011J6M3, STM32C011J6M6, STM32C0316-DK, STM32C031C4T3, STM32C031C4T6, STM32C031C4U3, STM32C031C4U6, STM32C031C6T3, STM32C031C6T6, STM32C031C6U3, STM32C031C6U6, STM32C031F4P3, STM32C031F4P6, STM32C031F6P3, STM32C031F6P6, STM32C031G4U3, STM32C031G4U6, STM32C031G6U3, STM32C031G6U6, STM32C031K4T3, STM32C031K4T6, STM32C031K4U3, STM32C031K4U6, STM32C031K6T3, STM32C031K6T6, STM32C031K6U3, STM32C031K6U6, STM32G071K8TXN, STM32G071K8UXN, STM32G081GBU6N, STM32G081KBT6N, STM32G081KBUXN, STM32G0B1CCT6N, STM32G0B1KCT6, STM32G0B1NEY6TR, STM32G0B1RCT6N, STM32G0C1CCT6, STM32G0C1CCT6N, STM32G0C1CCU6N, STM32G0C1CET6N, STM32G0C1CEU6N, STM32G0C1KCT6, STM32G0C1NEY6TR, STM32G0C1RCI6N, STM32G0C1RCT6N, STM32G0C1REI6N, STM32G0C1RET6N, STM32G0C1VCI6, STM32G0C1VEI6, STM32G471CCT6, STM32G471CCU6, STM32G471CET3, STM32G471CET6, STM32G471CEU3, STM32G471CEU6, STM32G471MCT6, STM32G471MET3, STM32G471MET6, STM32G471MEY6TR, STM32G471QCT6, STM32G471QET3, STM32G471RCT6, STM32G471RET3, STM32G471RET6, STM32G471VCH6, STM32G471VCI6, STM32G471VCT6, STM32G471VEH3, STM32G471VEH6, STM32G471VEI3, STM32G471VEI6, STM32G471VET3, STM32G471VET6, STM32G474CCT6, STM32H503CBT6, STM32H503CBU6, STM32H503EBY6TR, STM32H503KBU6, STM32H503RBT6, STM32H562AGI6, STM32H562AII6, STM32H562IGK6, STM32H562IGT6, STM32H562IIK6, STM32H562IIT6, STM32H562RGT6, STM32H562RGV6, STM32H562RIT6, STM32H562RIV6, STM32H562VGT6, STM32H562VIT6, STM32H562ZGT6, STM32H562ZIT6, STM32H563AGI6, STM32H563AII3Q, STM32H563AII6, STM32H563IGK6, STM32H563IGT6, STM32H563IIK3Q, STM32H563IIK6, STM32H563IIT3Q, STM32H563IIT6, STM32H563MIY3QTR, STM32H563RGT6, STM32H563RGV6, STM32H563RIT6, STM32H563RIV6, STM32H563VGT6, STM32H563VIT3Q, STM32H563VIT6, STM32H563ZGT6, STM32H563ZIT3Q, STM32H563ZIT6, STM32H573AII3Q, STM32H573AII6, STM32H573I-DK, STM32H573IIK3Q, STM32H573IIK6, STM32H573IIT3Q, STM32H573IIT6, STM32H573MIY3QTR, STM32H573RIT6, STM32H573RIV6, STM32H573VIT3Q, STM32H573VIT6, STM32H573ZIT3Q, STM32H573ZIT6, STM32L4R5QGI6STR, STM32MP131AAE3, STM32MP131AAF3, STM32MP131AAG3, STM32MP131CAE3, STM32MP131CAF3, STM32MP131CAG3, STM32MP131DAE7, STM32MP131DAF7, STM32MP131DAG7, STM32MP131FAE7, STM32MP131FAF7, STM32MP131FAG7, STM32MP133AAE3, STM32MP133AAF3, STM32MP133AAG3, STM32MP133CAE3, STM32MP133CAF3, STM32MP133CAG3, STM32MP133DAE7, STM32MP133DAF7, STM32MP133DAG7, STM32MP133FAE7, STM32MP133FAF7, STM32MP133FAG7, STM32MP135AAE3, STM32MP135AAF3, STM32MP135AAG3, STM32MP135CAE3, STM32MP135CAF3, STM32MP135CAG3, STM32MP135DAE7, STM32MP135DAF7, STM32MP135DAG7, STM32MP135F-DK, STM32MP135FAE7, STM32MP135FAF7, STM32MP135FAF7T, STM32MP135FAF7U, STM32MP135FAG7, STM32U535CBT6, STM32U535CBT6Q, STM32U535CBU6, STM32U535CBU6Q, STM32U535CCT6, STM32U535CCT6Q, STM32U535CCU6, STM32U535CCU6Q, STM32U535CET6, STM32U535CET6Q, STM32U535CEU6, STM32U535CEU6Q, STM32U535JEY6QTR, STM32U535NCY6QTR, STM32U535NEY6QTR, STM32U535RBI6, STM32U535RBI6Q, STM32U535RBT6, STM32U535RBT6Q, STM32U535RCI6, STM32U535RCI6Q, STM32U535RCT6, STM32U535RCT6Q, STM32U535REI6, STM32U535REI6Q, STM32U535RET6, STM32U535RET6Q, STM32U535VCI6, STM32U535VCI6Q, STM32U535VCT6, STM32U535VCT6Q, STM32U535VEI6, STM32U535VEI6Q, STM32U535VET6, STM32U535VET6Q, STM32U545CET6, STM32U545CET6Q, STM32U545CEU6, STM32U545CEU6Q, STM32U545JEY6QTR, STM32U545NEY6QTR, STM32U545REI6, STM32U545REI6Q, STM32U545RET6, STM32U545RET6Q, STM32U545VEI6, STM32U545VEI6Q, STM32U545VET6, STM32U545VET6Q, STM32U595AIH6, STM32U595AIH6Q, STM32U595AJH6, STM32U595AJH6Q, STM32U595QII6, STM32U595QII6Q, STM32U595QJI6, STM32U595QJI6Q, STM32U595RIT6, STM32U595RIT6Q, STM32U595RJT6, STM32U595RJT6Q, STM32U595VIT6, STM32U595VIT6Q, STM32U595VJT6, STM32U595VJT6Q, STM32U595ZIT6, STM32U595ZIT6Q, STM32U595ZIY6QTR, STM32U595ZJT6, STM32U595ZJT6Q, STM32U595ZJY6QTR, STM32U599BJY6QTR, STM32U599NIH6Q, STM32U599NJH6Q, STM32U599VIT6Q, STM32U599VJT6, STM32U599VJT6Q, STM32U599ZIT6Q, STM32U599ZIY6QTR, STM32U599ZJT6Q, STM32U599ZJY6QTR, STM32U5A5AJH6, STM32U5A5AJH6Q, STM32U5A5QJI6, STM32U5A5QJI6Q, STM32U5A5RJT6, STM32U5A5RJT6Q, STM32U5A5VJT6, STM32U5A5VJT6Q, STM32U5A5ZJT6, STM32U5A5ZJT6Q, STM32U5A5ZJY6QTR, STM32U5A9BJY6QTR, STM32U5A9J-DK, STM32U5A9NJH6Q, STM32U5A9VJT6Q, STM32U5A9ZJT6Q, STM32U5A9ZJY6QTR, STM32U5F7VIT6, STM32U5F7VIT6Q, STM32U5F7VJT6, STM32U5F7VJT6Q, STM32U5F9BJY6QTR, STM32U5F9NJH6Q, STM32U5F9VIT6Q, STM32U5F9VJT6Q, STM32U5F9ZIJ6QTR, STM32U5F9ZIT6Q, STM32U5F9ZJJ6QTR, STM32U5F9ZJT6Q, STM32U5G7VJT6, STM32U5G7VJT6Q, STM32U5G9BJY6QTR, STM32U5G9J-DK1, STM32U5G9J-DK2, STM32U5G9NJH6Q, STM32U5G9VJT6Q, STM32U5G9ZJJ6QTR, STM32U5G9ZJT6Q, STM32WB1MMCH6, STM32WBA52CEU6, STM32WBA52CEU6T, STM32WBA52CGU6, STM32WBA52CGU6T, STM32WBA52KEU6, STM32WBA52KEU6T, STM32WBA52KGU6, STM32WBA52KGU6T, STM32WL5MOCH6, STM32WL5MOCH6TR]
2023-11-05 20:33:40,273 [INFO] DbMcus:217 - Found 3848 MCUs, 3848 are supported
2023-11-05 20:33:40,275 [INFO] ApiDb:423 - Load user favorites file C:\Users\91916/.stm32cubeide/favorites.mcus.txt: 0 item(s)
2023-11-05 20:33:40,276 [INFO] ApiDb:427 - User favorites MCUs=[]
2023-11-05 20:33:40,276 [INFO] DbMcus:223 - Set 0 / 0 favorites MCUs
2023-11-05 20:33:41,450 [INFO] ApiDb:668 - CubeFinder database Data Model version=2.1
2023-11-05 20:33:41,450 [INFO] ApiDb:669 - CubeFinder database Configuration version=3.0.37
2023-11-05 20:33:41,450 [INFO] ApiDb:670 - CubeFinder database generation date=2023-10-13 (1697197505)
2023-11-05 20:33:41,451 [INFO] ApiDb:671 - CubeFinder database FW Pack versions=[FP-ATR-ASTRA1_V2.0.0, FP-SNS-FLIGHT1_V5.0.1, FP-SNS-FLIGHT1_V5.0.2, FP-SNS-MOTENV1_V4.3.1, FP-SNS-MOTENV1_V4.3.2, FP-SNS-SMARTAG2_V1.2.0, I-CUBE-ITTIADB_V8.6.3-1, STM32Cube_FW_C0_V1.1.0, STM32Cube_FW_F4_V1.27.1, STM32Cube_FW_F7_V1.17.0, STM32Cube_FW_G0_V1.6.1, STM32Cube_FW_G4_V1.5.1, STM32Cube_FW_H5_V0.5.1, STM32Cube_FW_H5_V1.1.1, STM32Cube_FW_H7_V1.11.0, STM32Cube_FW_L0_V1.12.2, STM32Cube_FW_L5_V1.5.0, STM32Cube_FW_U5_V1.3.0, STM32Cube_FW_U5_V1.3.0RC4, STM32Cube_FW_WBA_V1.0.0RC1, STM32Cube_FW_WBA_V1.1.0RC1, STM32Cube_FW_WBA_V1.1.1, STM32Cube_FW_WB_V1.15.0RC1, STM32Cube_FW_WB_V1.16.0, STM32Cube_FW_WB_V1.16.0RC2, STM32Cube_FW_WB_V1.17.3, STM32Cube_FW_WL_V1.3.0, X-CUBE-ALGOBUILD_V1.3.0, X-CUBE-ALS_V1.0.1, X-CUBE-AZRTOS-F4_V1.1.0, X-CUBE-AZRTOS-F7_V1.1.0, X-CUBE-AZRTOS-G0_V1.1.0, X-CUBE-AZRTOS-G4_V2.0.0, X-CUBE-AZRTOS-H7_V3.1.0, X-CUBE-AZRTOS-L4_V1.0.0, X-CUBE-AZRTOS-L4_V2.0.0, X-CUBE-AZRTOS-L5_V1.1.0, X-CUBE-AZRTOS-WB_V2.0.0, X-CUBE-AZRTOS-WL_V2.0.0, X-CUBE-BLE1_V7.0.0, X-CUBE-BLE2_V3.3.0, X-CUBE-BLEMGR_V2.0.0, X-CUBE-EEPRMA1_V4.1.0, X-CUBE-FREERTOS_V1.1.0, X-CUBE-GNSS1_V6.0.0, X-CUBE-MEMS1_V10.0.0, X-CUBE-MEMS1_V9.1.0, X-CUBE-MEMS1_V9.4.0, X-CUBE-MEMS1_V9.6.0, X-CUBE-NFC4_V3.0.0, X-CUBE-NFC7_V1.0.1, X-CUBE-SFXS2LP1_V4.0.0, X-CUBE-SUBG2_V5.0.0, X-CUBE-TOF1_V3.3.1]
2023-11-05 20:33:41,776 [INFO] DbBoardsSqlite:226 - include board P-NUCLEO-WB55-NUCLEO as a kit item of type 'Nucleo-64'
2023-11-05 20:33:41,777 [INFO] DbBoardsSqlite:226 - include board P-NUCLEO-WB55-USBDONGLE as a kit item of type 'Nucleo USB Dongle'
2023-11-05 20:33:41,779 [INFO] DbBoardsSqlite:226 - include board STEVAL-IDP005V1 as a kit item of type 'Evaluation Board'
2023-11-05 20:33:41,780 [INFO] DbBoardsSqlite:226 - include board STEVAL-IDP005V2 as a kit item of type 'Evaluation Board'
2023-11-05 20:33:42,050 [INFO] ApiDb:240 - Found 323 in-development CPN: [B-G473E-ZEST1S, B-WB1M-WPAN1, B-WL5M-SUBG1, NUCLEO-C031C6, NUCLEO-H503RB, NUCLEO-H563ZI, NUCLEO-U545RE-Q, NUCLEO-U5A5ZJ-Q, NUCLEO-WBA52CG, STEVAL-PROTEUS1, STEVAL-SMARTAG2, STEVAL-STWINBX1, STM320518-EVAL, STM32C0116-DK, STM32C011D6Y3TR, STM32C011D6Y6TR, STM32C011F4P3, STM32C011F4P6, STM32C011F4U3, STM32C011F4U6TR, STM32C011F6P3, STM32C011F6P6, STM32C011F6U3, STM32C011F6U6TR, STM32C011J4M3, STM32C011J4M6, STM32C011J6M3, STM32C011J6M6, STM32C0316-DK, STM32C031C4T3, STM32C031C4T6, STM32C031C4U3, STM32C031C4U6, STM32C031C6T3, STM32C031C6T6, STM32C031C6U3, STM32C031C6U6, STM32C031F4P3, STM32C031F4P6, STM32C031F6P3, STM32C031F6P6, STM32C031G4U3, STM32C031G4U6, STM32C031G6U3, STM32C031G6U6, STM32C031K4T3, STM32C031K4T6, STM32C031K4U3, STM32C031K4U6, STM32C031K6T3, STM32C031K6T6, STM32C031K6U3, STM32C031K6U6, STM32G071K8TXN, STM32G071K8UXN, STM32G081GBU6N, STM32G081KBT6N, STM32G081KBUXN, STM32G0B1CCT6N, STM32G0B1KCT6, STM32G0B1NEY6TR, STM32G0B1RCT6N, STM32G0C1CCT6, STM32G0C1CCT6N, STM32G0C1CCU6N, STM32G0C1CET6N, STM32G0C1CEU6N, STM32G0C1KCT6, STM32G0C1NEY6TR, STM32G0C1RCI6N, STM32G0C1RCT6N, STM32G0C1REI6N, STM32G0C1RET6N, STM32G0C1VCI6, STM32G0C1VEI6, STM32G471CCT6, STM32G471CCU6, STM32G471CET3, STM32G471CET6, STM32G471CEU3, STM32G471CEU6, STM32G471MCT6, STM32G471MET3, STM32G471MET6, STM32G471MEY6TR, STM32G471QCT6, STM32G471QET3, STM32G471RCT6, STM32G471RET3, STM32G471RET6, STM32G471VCH6, STM32G471VCI6, STM32G471VCT6, STM32G471VEH3, STM32G471VEH6, STM32G471VEI3, STM32G471VEI6, STM32G471VET3, STM32G471VET6, STM32G474CCT6, STM32H503CBT6, STM32H503CBU6, STM32H503EBY6TR, STM32H503KBU6, STM32H503RBT6, STM32H562AGI6, STM32H562AII6, STM32H562IGK6, STM32H562IGT6, STM32H562IIK6, STM32H562IIT6, STM32H562RGT6, STM32H562RGV6, STM32H562RIT6, STM32H562RIV6, STM32H562VGT6, STM32H562VIT6, STM32H562ZGT6, STM32H562ZIT6, STM32H563AGI6, STM32H563AII3Q, STM32H563AII6, STM32H563IGK6, STM32H563IGT6, STM32H563IIK3Q, STM32H563IIK6, STM32H563IIT3Q, STM32H563IIT6, STM32H563MIY3QTR, STM32H563RGT6, STM32H563RGV6, STM32H563RIT6, STM32H563RIV6, STM32H563VGT6, STM32H563VIT3Q, STM32H563VIT6, STM32H563ZGT6, STM32H563ZIT3Q, STM32H563ZIT6, STM32H573AII3Q, STM32H573AII6, STM32H573I-DK, STM32H573IIK3Q, STM32H573IIK6, STM32H573IIT3Q, STM32H573IIT6, STM32H573MIY3QTR, STM32H573RIT6, STM32H573RIV6, STM32H573VIT3Q, STM32H573VIT6, STM32H573ZIT3Q, STM32H573ZIT6, STM32L4R5QGI6STR, STM32MP131AAE3, STM32MP131AAF3, STM32MP131AAG3, STM32MP131CAE3, STM32MP131CAF3, STM32MP131CAG3, STM32MP131DAE7, STM32MP131DAF7, STM32MP131DAG7, STM32MP131FAE7, STM32MP131FAF7, STM32MP131FAG7, STM32MP133AAE3, STM32MP133AAF3, STM32MP133AAG3, STM32MP133CAE3, STM32MP133CAF3, STM32MP133CAG3, STM32MP133DAE7, STM32MP133DAF7, STM32MP133DAG7, STM32MP133FAE7, STM32MP133FAF7, STM32MP133FAG7, STM32MP135AAE3, STM32MP135AAF3, STM32MP135AAG3, STM32MP135CAE3, STM32MP135CAF3, STM32MP135CAG3, STM32MP135DAE7, STM32MP135DAF7, STM32MP135DAG7, STM32MP135F-DK, STM32MP135FAE7, STM32MP135FAF7, STM32MP135FAF7T, STM32MP135FAF7U, STM32MP135FAG7, STM32U535CBT6, STM32U535CBT6Q, STM32U535CBU6, STM32U535CBU6Q, STM32U535CCT6, STM32U535CCT6Q, STM32U535CCU6, STM32U535CCU6Q, STM32U535CET6, STM32U535CET6Q, STM32U535CEU6, STM32U535CEU6Q, STM32U535JEY6QTR, STM32U535NCY6QTR, STM32U535NEY6QTR, STM32U535RBI6, STM32U535RBI6Q, STM32U535RBT6, STM32U535RBT6Q, STM32U535RCI6, STM32U535RCI6Q, STM32U535RCT6, STM32U535RCT6Q, STM32U535REI6, STM32U535REI6Q, STM32U535RET6, STM32U535RET6Q, STM32U535VCI6, STM32U535VCI6Q, STM32U535VCT6, STM32U535VCT6Q, STM32U535VEI6, STM32U535VEI6Q, STM32U535VET6, STM32U535VET6Q, STM32U545CET6, STM32U545CET6Q, STM32U545CEU6, STM32U545CEU6Q, STM32U545JEY6QTR, STM32U545NEY6QTR, STM32U545REI6, STM32U545REI6Q, STM32U545RET6, STM32U545RET6Q, STM32U545VEI6, STM32U545VEI6Q, STM32U545VET6, STM32U545VET6Q, STM32U595AIH6, STM32U595AIH6Q, STM32U595AJH6, STM32U595AJH6Q, STM32U595QII6, STM32U595QII6Q, STM32U595QJI6, STM32U595QJI6Q, STM32U595RIT6, STM32U595RIT6Q, STM32U595RJT6, STM32U595RJT6Q, STM32U595VIT6, STM32U595VIT6Q, STM32U595VJT6, STM32U595VJT6Q, STM32U595ZIT6, STM32U595ZIT6Q, STM32U595ZIY6QTR, STM32U595ZJT6, STM32U595ZJT6Q, STM32U595ZJY6QTR, STM32U599BJY6QTR, STM32U599NIH6Q, STM32U599NJH6Q, STM32U599VIT6Q, STM32U599VJT6, STM32U599VJT6Q, STM32U599ZIT6Q, STM32U599ZIY6QTR, STM32U599ZJT6Q, STM32U599ZJY6QTR, STM32U5A5AJH6, STM32U5A5AJH6Q, STM32U5A5QJI6, STM32U5A5QJI6Q, STM32U5A5RJT6, STM32U5A5RJT6Q, STM32U5A5VJT6, STM32U5A5VJT6Q, STM32U5A5ZJT6, STM32U5A5ZJT6Q, STM32U5A5ZJY6QTR, STM32U5A9BJY6QTR, STM32U5A9J-DK, STM32U5A9NJH6Q, STM32U5A9VJT6Q, STM32U5A9ZJT6Q, STM32U5A9ZJY6QTR, STM32U5F7VIT6, STM32U5F7VIT6Q, STM32U5F7VJT6, STM32U5F7VJT6Q, STM32U5F9BJY6QTR, STM32U5F9NJH6Q, STM32U5F9VIT6Q, STM32U5F9VJT6Q, STM32U5F9ZIJ6QTR, STM32U5F9ZIT6Q, STM32U5F9ZJJ6QTR, STM32U5F9ZJT6Q, STM32U5G7VJT6, STM32U5G7VJT6Q, STM32U5G9BJY6QTR, STM32U5G9J-DK1, STM32U5G9J-DK2, STM32U5G9NJH6Q, STM32U5G9VJT6Q, STM32U5G9ZJJ6QTR, STM32U5G9ZJT6Q, STM32WB1MMCH6, STM32WBA52CEU6, STM32WBA52CEU6T, STM32WBA52CGU6, STM32WBA52CGU6T, STM32WBA52KEU6, STM32WBA52KEU6T, STM32WBA52KGU6, STM32WBA52KGU6T, STM32WL5MOCH6, STM32WL5MOCH6TR]
2023-11-05 20:33:42,637 [INFO] BoardInfo:880 - No configuration file found for board P-NUCLEO-WB55
2023-11-05 20:33:42,638 [INFO] DbBoards:157 - Kit is not supported: P-NUCLEO-WB55
2023-11-05 20:33:42,662 [INFO] BoardInfo:880 - No configuration file found for board STEVAL-BFA001V1B
2023-11-05 20:33:42,662 [INFO] DbBoards:157 - Kit is not supported: STEVAL-BFA001V1B
2023-11-05 20:33:42,668 [INFO] BoardInfo:880 - No configuration file found for board STEVAL-BFA001V2B
2023-11-05 20:33:42,669 [INFO] DbBoards:157 - Kit is not supported: STEVAL-BFA001V2B
2023-11-05 20:33:43,262 [INFO] DbBoards:161 - Found 190 boards, 187 are supported
2023-11-05 20:33:43,269 [INFO] ApiDb:423 - Load user favorites file C:\Users\91916/.stm32cubeide/favorites.boards.txt: 0 item(s)
2023-11-05 20:33:43,269 [INFO] ApiDb:427 - User favorites Boards=[]
2023-11-05 20:33:43,270 [INFO] DbBoards:190 - Set 0 / 0 favorites Boards
2023-11-05 20:33:43,281 [INFO] ApiDb:668 - CubeFinder database Data Model version=2.1
2023-11-05 20:33:43,282 [INFO] ApiDb:669 - CubeFinder database Configuration version=3.0.37
2023-11-05 20:33:43,282 [INFO] ApiDb:670 - CubeFinder database generation date=2023-10-13 (1697197505)
2023-11-05 20:33:43,282 [INFO] ApiDb:671 - CubeFinder database FW Pack versions=[FP-ATR-ASTRA1_V2.0.0, FP-SNS-FLIGHT1_V5.0.1, FP-SNS-FLIGHT1_V5.0.2, FP-SNS-MOTENV1_V4.3.1, FP-SNS-MOTENV1_V4.3.2, FP-SNS-SMARTAG2_V1.2.0, I-CUBE-ITTIADB_V8.6.3-1, STM32Cube_FW_C0_V1.1.0, STM32Cube_FW_F4_V1.27.1, STM32Cube_FW_F7_V1.17.0, STM32Cube_FW_G0_V1.6.1, STM32Cube_FW_G4_V1.5.1, STM32Cube_FW_H5_V0.5.1, STM32Cube_FW_H5_V1.1.1, STM32Cube_FW_H7_V1.11.0, STM32Cube_FW_L0_V1.12.2, STM32Cube_FW_L5_V1.5.0, STM32Cube_FW_U5_V1.3.0, STM32Cube_FW_U5_V1.3.0RC4, STM32Cube_FW_WBA_V1.0.0RC1, STM32Cube_FW_WBA_V1.1.0RC1, STM32Cube_FW_WBA_V1.1.1, STM32Cube_FW_WB_V1.15.0RC1, STM32Cube_FW_WB_V1.16.0, STM32Cube_FW_WB_V1.16.0RC2, STM32Cube_FW_WB_V1.17.3, STM32Cube_FW_WL_V1.3.0, X-CUBE-ALGOBUILD_V1.3.0, X-CUBE-ALS_V1.0.1, X-CUBE-AZRTOS-F4_V1.1.0, X-CUBE-AZRTOS-F7_V1.1.0, X-CUBE-AZRTOS-G0_V1.1.0, X-CUBE-AZRTOS-G4_V2.0.0, X-CUBE-AZRTOS-H7_V3.1.0, X-CUBE-AZRTOS-L4_V1.0.0, X-CUBE-AZRTOS-L4_V2.0.0, X-CUBE-AZRTOS-L5_V1.1.0, X-CUBE-AZRTOS-WB_V2.0.0, X-CUBE-AZRTOS-WL_V2.0.0, X-CUBE-BLE1_V7.0.0, X-CUBE-BLE2_V3.3.0, X-CUBE-BLEMGR_V2.0.0, X-CUBE-EEPRMA1_V4.1.0, X-CUBE-FREERTOS_V1.1.0, X-CUBE-GNSS1_V6.0.0, X-CUBE-MEMS1_V10.0.0, X-CUBE-MEMS1_V9.1.0, X-CUBE-MEMS1_V9.4.0, X-CUBE-MEMS1_V9.6.0, X-CUBE-NFC4_V3.0.0, X-CUBE-NFC7_V1.0.1, X-CUBE-SFXS2LP1_V4.0.0, X-CUBE-SUBG2_V5.0.0, X-CUBE-TOF1_V3.3.1]
2023-11-05 20:33:46,761 [ERROR] DbExamplesSqlite:437 - Missing JSON key: board_cpn
2023-11-05 20:33:46,762 [ERROR] DbExamplesSqlite:437 - Missing JSON key: board_cpn
2023-11-05 20:33:46,762 [ERROR] DbExamplesSqlite:437 - Missing JSON key: board_cpn
2023-11-05 20:33:46,763 [ERROR] DbExamplesSqlite:437 - Missing JSON key: board_cpn
2023-11-05 20:33:46,799 [INFO] DbExamplesSqlite:395 - Ignored 27 examples not supported by CubeIDE
2023-11-05 20:33:46,800 [INFO] DbExamplesSqlite:396 - Found 7221 examples active
2023-11-05 20:33:46,800 [INFO] DbExamplesSqlite:397 - Found 777 examples obsolete
2023-11-05 20:33:46,801 [INFO] DbExamplesSqlite:398 - Found 0 examples under development
2023-11-05 20:33:46,801 [INFO] DbExamplesSqlite:399 - Found 74 examples not building
2023-11-05 20:33:46,805 [INFO] DbExamples:125 - Found 7268 examples
2023-11-05 20:33:46,855 [INFO] DbExamples:222 - Found 93 boards with related examples
2023-11-05 20:33:46,858 [INFO] DbExamples:235 - Found 79 MCUs with related examples
2023-11-05 20:33:46,917 [INFO] ApiDb:414 - User favorites file not found: C:\Users\91916/.stm32cubeide/favorites.examples.txt
2023-11-05 20:33:46,917 [INFO] DbExamples:250 - Set 0 / 0 favorites Examples
2023-11-05 20:33:47,892 [INFO] McuFinderGlobals:76 - Set McuFinderConnectedMode to true
2023-11-05 20:33:47,910 [INFO] MultiScanPanel:200 - Auto-refresh data requested => check proxy status ongoing
2023-11-05 20:33:47,917 [INFO] FinderPluginLoader:95 - Searching for filters in installed packs
2023-11-05 20:33:53,609 [INFO] LoadUrlFilesThread:185 - End of LoadServerUrlFiles without Thread
2023-11-05 20:33:53,646 [INFO] DetailPanel:341 - Set advertising image to C:/Users/91916/STM32Cube/Repository/\en.prom-stm32h5-mcu-finder.jpg
2023-11-05 20:36:59,121 [INFO] McuFinderGlobals:76 - Set McuFinderConnectedMode to true
2023-11-05 20:36:59,130 [INFO] ApiDb:448 - Save user favorites file C:\Users\91916/.stm32cubeide/favorites.mcus.txt: 0 item(s)
2023-11-05 20:36:59,150 [INFO] ApiDb:452 - User favorites MCUs=[]
